<?xml version="1.0" encoding="UTF-8"?>
<!-- Generated by org.testng.reporters.JUnitReportReporter -->
<testsuite skipped="0" hostname="LAPTOP-4S6DHLRL" name="testcases.CreateTest" tests="2" failures="0" timestamp="2020-11-17T08:21:52 IST" time="81.543" errors="0">
  <testcase name="Create" time="38.055" classname="testcases.CreateTest"/>
  <system-out/>
  <testcase name="Create" time="43.488" classname="testcases.CreateTest"/>
  <system-out/>
</testsuite> <!-- testcases.CreateTest -->
