<?xml version="1.0" encoding="UTF-8"?>
<!-- Generated by org.testng.reporters.JUnitReportReporter -->
<testsuite skipped="0" hostname="LAPTOP-4S6DHLRL" name="testcases.DeleteTest" tests="2" failures="0" timestamp="2020-11-17T08:28:25 IST" time="85.664" errors="0">
  <testcase name="Delete" time="47.463" classname="testcases.DeleteTest"/>
  <system-out/>
  <testcase name="Delete" time="38.201" classname="testcases.DeleteTest"/>
  <system-out/>
</testsuite> <!-- testcases.DeleteTest -->
